<?xml version="1.0" encoding="UTF-8"?>
<testsuite name="org.sazuluaga.todolist.infrastructure.ItemsAcceptanceTest" tests="9" skipped="0" failures="0" errors="0" timestamp="2022-11-16T21:14:02" hostname="DESKTOP-1BKA73C" time="2.096">
  <properties/>
  <testcase name="shouldNotDeleteAItemAndReturnStatusCode400()" classname="org.sazuluaga.todolist.infrastructure.ItemsAcceptanceTest" time="1.635"/>
  <testcase name="shouldCreateAItemSuccesfully()" classname="org.sazuluaga.todolist.infrastructure.ItemsAcceptanceTest" time="0.243"/>
  <testcase name="shouldFindAItemSuccesfully()" classname="org.sazuluaga.todolist.infrastructure.ItemsAcceptanceTest" time="0.036"/>
  <testcase name="shouldDeleteAItemSuccesful()" classname="org.sazuluaga.todolist.infrastructure.ItemsAcceptanceTest" time="0.027"/>
  <testcase name="shouldNotCreateAItemWithoutDescriptionAndReturnStatusCode400()" classname="org.sazuluaga.todolist.infrastructure.ItemsAcceptanceTest" time="0.026"/>
  <testcase name="shouldNotFindAItemAndReturnStatusCode400()" classname="org.sazuluaga.todolist.infrastructure.ItemsAcceptanceTest" time="0.022"/>
  <testcase name="shouldUpdateAItemWithoutDescriptionAndReturnStatusCode200()" classname="org.sazuluaga.todolist.infrastructure.ItemsAcceptanceTest" time="0.029"/>
  <testcase name="shouldUpdateAItemWithoutDoneAndReturnStatusCode200()" classname="org.sazuluaga.todolist.infrastructure.ItemsAcceptanceTest" time="0.031"/>
  <testcase name="shouldUpdateAItemSuccesfully()" classname="org.sazuluaga.todolist.infrastructure.ItemsAcceptanceTest" time="0.024"/>
  <system-out><![CDATA[2022-11-16 16:13:59.608  INFO 16012 --- [    Test worker] .b.t.c.SpringBootTestContextBootstrapper : Neither @ContextConfiguration nor @ContextHierarchy found for test class [org.sazuluaga.todolist.infrastructure.ItemsAcceptanceTest], using SpringBootContextLoader
2022-11-16 16:13:59.609  INFO 16012 --- [    Test worker] o.s.t.c.support.AbstractContextLoader    : Could not detect default resource locations for test class [org.sazuluaga.todolist.infrastructure.ItemsAcceptanceTest]: no resource found for suffixes {-context.xml, Context.groovy}.
2022-11-16 16:13:59.610  INFO 16012 --- [    Test worker] t.c.s.AnnotationConfigContextLoaderUtils : Could not detect default configuration classes for test class [org.sazuluaga.todolist.infrastructure.ItemsAcceptanceTest]: ItemsAcceptanceTest does not declare any static, non-private, non-final, nested classes annotated with @Configuration.
2022-11-16 16:13:59.619  INFO 16012 --- [    Test worker] .b.t.c.SpringBootTestContextBootstrapper : Found @SpringBootConfiguration org.sazuluaga.todolist.TodoListApp for test class org.sazuluaga.todolist.infrastructure.ItemsAcceptanceTest
2022-11-16 16:13:59.621  INFO 16012 --- [    Test worker] .b.t.c.SpringBootTestContextBootstrapper : Loaded default TestExecutionListener class names from location [META-INF/spring.factories]: [org.springframework.boot.test.autoconfigure.restdocs.RestDocsTestExecutionListener, org.springframework.boot.test.autoconfigure.web.client.MockRestServiceServerResetTestExecutionListener, org.springframework.boot.test.autoconfigure.web.servlet.MockMvcPrintOnlyOnFailureTestExecutionListener, org.springframework.boot.test.autoconfigure.web.servlet.WebDriverTestExecutionListener, org.springframework.boot.test.autoconfigure.webservices.client.MockWebServiceServerTestExecutionListener, org.springframework.boot.test.mock.mockito.MockitoTestExecutionListener, org.springframework.boot.test.mock.mockito.ResetMocksTestExecutionListener, org.springframework.test.context.web.ServletTestExecutionListener, org.springframework.test.context.support.DirtiesContextBeforeModesTestExecutionListener, org.springframework.test.context.event.ApplicationEventsTestExecutionListener, org.springframework.test.context.support.DependencyInjectionTestExecutionListener, org.springframework.test.context.support.DirtiesContextTestExecutionListener, org.springframework.test.context.transaction.TransactionalTestExecutionListener, org.springframework.test.context.jdbc.SqlScriptsTestExecutionListener, org.springframework.test.context.event.EventPublishingTestExecutionListener]
2022-11-16 16:13:59.622  INFO 16012 --- [    Test worker] .b.t.c.SpringBootTestContextBootstrapper : Using TestExecutionListeners: [org.springframework.test.context.web.ServletTestExecutionListener@6067b6ca, org.springframework.test.context.support.DirtiesContextBeforeModesTestExecutionListener@500da926, org.springframework.test.context.event.ApplicationEventsTestExecutionListener@4fcb93a5, org.springframework.boot.test.mock.mockito.MockitoTestExecutionListener@71c4c0cd, org.springframework.boot.test.autoconfigure.SpringBootDependencyInjectionTestExecutionListener@2c48f9d9, org.springframework.test.context.support.DirtiesContextTestExecutionListener@11b121ef, org.springframework.test.context.transaction.TransactionalTestExecutionListener@2f4dec7, org.springframework.test.context.jdbc.SqlScriptsTestExecutionListener@5561a4fc, org.springframework.test.context.event.EventPublishingTestExecutionListener@3e8c09b8, org.springframework.boot.test.autoconfigure.restdocs.RestDocsTestExecutionListener@262af9df, org.springframework.boot.test.autoconfigure.web.client.MockRestServiceServerResetTestExecutionListener@20c093b, org.springframework.boot.test.autoconfigure.web.servlet.MockMvcPrintOnlyOnFailureTestExecutionListener@5a921bc2, org.springframework.boot.test.autoconfigure.web.servlet.WebDriverTestExecutionListener@48d18e1, org.springframework.boot.test.autoconfigure.webservices.client.MockWebServiceServerTestExecutionListener@7598edae, org.springframework.boot.test.mock.mockito.ResetMocksTestExecutionListener@173f77f7]

  .   ____          _            __ _ _
 /\\ / ___'_ __ _ _(_)_ __  __ _ \ \ \ \
( ( )\___ | '_ | '_| | '_ \/ _` | \ \ \ \
 \\/  ___)| |_)| | | | | || (_| |  ) ) ) )
  '  |____| .__|_| |_|_| |_\__, | / / / /
 =========|_|==============|___/=/_/_/_/
 :: Spring Boot ::                (v2.7.5)

2022-11-16 16:13:59.694  INFO 16012 --- [    Test worker] o.s.t.i.ItemsAcceptanceTest              : Starting ItemsAcceptanceTest using Java 11.0.16.1 on DESKTOP-1BKA73C with PID 16012 (started by Rendar in C:\Users\Rendar\Desktop\todolist)
2022-11-16 16:13:59.694  INFO 16012 --- [    Test worker] o.s.t.i.ItemsAcceptanceTest              : No active profile set, falling back to 1 default profile: "default"
2022-11-16 16:13:59.865  INFO 16012 --- [    Test worker] .s.d.r.c.RepositoryConfigurationDelegate : Bootstrapping Spring Data JPA repositories in DEFAULT mode.
2022-11-16 16:13:59.885  INFO 16012 --- [    Test worker] .s.d.r.c.RepositoryConfigurationDelegate : Finished Spring Data repository scanning in 19 ms. Found 2 JPA repository interfaces.
2022-11-16 16:14:00.730  INFO 16012 --- [    Test worker] o.s.b.w.embedded.tomcat.TomcatWebServer  : Tomcat initialized with port(s): 0 (http)
2022-11-16 16:14:00.757  INFO 16012 --- [    Test worker] o.apache.catalina.core.StandardService   : Starting service [Tomcat]
2022-11-16 16:14:00.758  INFO 16012 --- [    Test worker] org.apache.catalina.core.StandardEngine  : Starting Servlet engine: [Apache Tomcat/9.0.68]
2022-11-16 16:14:00.952  INFO 16012 --- [    Test worker] o.a.c.c.C.[Tomcat].[localhost].[/]       : Initializing Spring embedded WebApplicationContext
2022-11-16 16:14:00.952  INFO 16012 --- [    Test worker] w.s.c.ServletWebServerApplicationContext : Root WebApplicationContext: initialization completed in 1255 ms
2022-11-16 16:14:01.193  INFO 16012 --- [    Test worker] o.hibernate.jpa.internal.util.LogHelper  : HHH000204: Processing PersistenceUnitInfo [name: default]
2022-11-16 16:14:01.203  INFO 16012 --- [    Test worker] com.zaxxer.hikari.HikariDataSource       : HikariPool-2 - Starting...
2022-11-16 16:14:01.235  INFO 16012 --- [    Test worker] com.zaxxer.hikari.HikariDataSource       : HikariPool-2 - Start completed.
2022-11-16 16:14:01.236  INFO 16012 --- [    Test worker] org.hibernate.dialect.Dialect            : HHH000400: Using dialect: org.hibernate.dialect.PostgreSQL95Dialect
Hibernate: alter table if exists items drop constraint if exists FKrqa704hx19ty2bxvb1w4efous
Hibernate: drop table if exists items cascade
Hibernate: drop table if exists lists cascade
Hibernate: drop sequence if exists hibernate_sequence
Hibernate: create sequence hibernate_sequence start 1 increment 1
Hibernate: create table items (item_id  bigserial not null, description varchar(255), done boolean not null, list_id int8, primary key (item_id))
Hibernate: create table lists (list_id int8 not null, description varchar(255), email varchar(255), name varchar(255), primary key (list_id))
Hibernate: alter table if exists items add constraint FKrqa704hx19ty2bxvb1w4efous foreign key (list_id) references lists
2022-11-16 16:14:01.340  INFO 16012 --- [    Test worker] o.h.e.t.j.p.i.JtaPlatformInitiator       : HHH000490: Using JtaPlatform implementation: [org.hibernate.engine.transaction.jta.platform.internal.NoJtaPlatform]
2022-11-16 16:14:01.341  INFO 16012 --- [    Test worker] j.LocalContainerEntityManagerFactoryBean : Initialized JPA EntityManagerFactory for persistence unit 'default'
2022-11-16 16:14:01.437  WARN 16012 --- [    Test worker] JpaBaseConfiguration$JpaWebConfiguration : spring.jpa.open-in-view is enabled by default. Therefore, database queries may be performed during view rendering. Explicitly configure spring.jpa.open-in-view to disable this warning
2022-11-16 16:14:02.288  INFO 16012 --- [    Test worker] o.s.b.w.embedded.tomcat.TomcatWebServer  : Tomcat started on port(s): 54940 (http) with context path ''
2022-11-16 16:14:02.296  INFO 16012 --- [    Test worker] o.s.t.i.ItemsAcceptanceTest              : Started ItemsAcceptanceTest in 2.649 seconds (JVM running for 11.364)
2022-11-16 16:14:03.679  INFO 16012 --- [o-auto-1-exec-1] o.a.c.c.C.[Tomcat].[localhost].[/]       : Initializing Spring DispatcherServlet 'dispatcherServlet'
2022-11-16 16:14:03.679  INFO 16012 --- [o-auto-1-exec-1] o.s.web.servlet.DispatcherServlet        : Initializing Servlet 'dispatcherServlet'
2022-11-16 16:14:03.681  INFO 16012 --- [o-auto-1-exec-1] o.s.web.servlet.DispatcherServlet        : Completed initialization in 2 ms
]]></system-out>
  <system-err><![CDATA[]]></system-err>
</testsuite>
